<?xml version="1.0" encoding="UTF-8"?>
<robot generator="Robot 4.0 (Python 3.9.2 on darwin)" generated="20210401 17:59:04.997" rpa="false" schemaversion="2">
<suite id="s1" name="SL 10" source="/Users/apple/Tools/Git/GitRepo/Tests/Android/SL_10.robot">
<kw name="Open Vested App On Real Device" library="A_Common" type="SETUP">
<kw name="Open Application" library="AppiumLibrary">
<arg>${server}</arg>
<arg>platformName=${platform}</arg>
<arg>platformVersion=${platform_version}</arg>
<arg>deviceName=${device}</arg>
<arg>automationName=${appium}</arg>
<arg>appActivity=${app_activity}</arg>
<arg>appPackage=${app_package}</arg>
<doc>Opens a new application to given Appium server.
Capabilities of appium server, Android and iOS,
Please check https://github.com/appium/appium/blob/master/docs/en/writing-running-appium/server-args.md
| *Option*            | *Man.* | *Description*     |
| remote_url          | Yes    | Appium server url |
| alias               | no     | alias             |</doc>
<kw name="Capture Page Screenshot" library="AppiumLibrary">
<doc>Takes a screenshot of the current page and embeds it into the log.</doc>
<msg timestamp="20210401 17:59:23.948" level="FAIL">No application is open</msg>
<status status="FAIL" starttime="20210401 17:59:23.945" endtime="20210401 17:59:23.948"/>
</kw>
<msg timestamp="20210401 17:59:23.952" level="WARN">Keyword 'Capture Page Screenshot' could not be run on failure: No application is open</msg>
<msg timestamp="20210401 17:59:23.954" level="FAIL">WebDriverException: Message: An unknown server-side error occurred while processing the command. Original error: The instrumentation process cannot be initialized. Make sure the application under test does not crash and investigate the logcat output.
</msg>
<status status="FAIL" starttime="20210401 17:59:05.345" endtime="20210401 17:59:23.954"/>
</kw>
<status status="FAIL" starttime="20210401 17:59:05.345" endtime="20210401 17:59:23.954"/>
</kw>
<test id="s1-t1" name="Previously logged in/data stored account is displayed in easy sign-in page.">
<tag>SL10</tag>
<status status="FAIL" starttime="20210401 17:59:23.954" endtime="20210401 17:59:23.955">Parent suite setup failed:
WebDriverException: Message: An unknown server-side error occurred while processing the command. Original error: The instrumentation process cannot be initialized. Make sure the application under test does not crash and investigate the logcat output.
</status>
</test>
<status status="FAIL" starttime="20210401 17:59:04.998" endtime="20210401 17:59:23.955">Suite setup failed:
WebDriverException: Message: An unknown server-side error occurred while processing the command. Original error: The instrumentation process cannot be initialized. Make sure the application under test does not crash and investigate the logcat output.
</status>
</suite>
<statistics>
<total>
<stat pass="0" fail="1" skip="0">All Tests</stat>
</total>
<tag>
<stat pass="0" fail="1" skip="0">SL10</stat>
</tag>
<suite>
<stat pass="0" fail="1" skip="0" id="s1" name="SL 10">SL 10</stat>
</suite>
</statistics>
<errors>
<msg timestamp="20210401 17:59:05.164" level="ERROR">Error in file '/Users/apple/Tools/Git/GitRepo/AppLocators/Android/SignInLocators.robot' on line 10: Setting variable '${e_emptyFieldErrorTxt} = Please fill out this field' failed: Invalid variable name '${e_emptyFieldErrorTxt} = Please fill out this field'.</msg>
<msg timestamp="20210401 17:59:05.176" level="ERROR">Error in file '/Users/apple/Tools/Git/GitRepo/Resources/Utils/Android/A_Common.robot' on line 3: Importing library 'JSONLibrary' failed: ModuleNotFoundError: No module named 'JSONLibrary'
Traceback (most recent call last):
  None
PYTHONPATH:
  /usr/local/bin
  /usr/local/Cellar/python@3.9/3.9.2_1/Frameworks/Python.framework/Versions/3.9/lib/python39.zip
  /usr/local/Cellar/python@3.9/3.9.2_1/Frameworks/Python.framework/Versions/3.9/lib/python3.9
  /usr/local/Cellar/python@3.9/3.9.2_1/Frameworks/Python.framework/Versions/3.9/lib/python3.9/lib-dynload
  /usr/local/lib/python3.9/site-packages</msg>
<msg timestamp="20210401 17:59:23.952" level="WARN">Keyword 'Capture Page Screenshot' could not be run on failure: No application is open</msg>
</errors>
</robot>
